<?xml version="1.0" encoding="UTF-8"?>
<!-- Generated by org.testng.reporters.JUnitReportReporter -->
<testsuite skipped="0" hostname="DESKTOP-NT8RJMA" name="TestCases" tests="1" failures="0" timestamp="2021-12-25T23:19:18 EST" time="0.003" errors="0">
  <testcase name="test1" time="0.003" classname="TestCases"/>
  <system-out/>
</testsuite> <!-- TestCases -->
